The system is: Darwin - 21.3.0 - x86_64
Compiling the C compiler identification source file "CMakeCCompilerId.c" succeeded.
Compiler: /usr/local/bin/gcc-11 
Build flags: 
Id flags: -c 

The output was:
0


Compilation of the C compiler identification source "CMakeCCompilerId.c" produced "CMakeCCompilerId.o"

The C compiler identification is GNU, found in "/Users/lichunyu/CLionProjects/SimuLib/.idea/CMakeFiles/3.21.1/CompilerIdC/CMakeCCompilerId.o"

Compiling the CXX compiler identification source file "CMakeCXXCompilerId.cpp" succeeded.
Compiler: /usr/local/bin/g++-11 
Build flags: 
Id flags: -c 

The output was:
0


Compilation of the CXX compiler identification source "CMakeCXXCompilerId.cpp" produced "CMakeCXXCompilerId.o"

The CXX compiler identification is GNU, found in "/Users/lichunyu/CLionProjects/SimuLib/.idea/CMakeFiles/3.21.1/CompilerIdCXX/CMakeCXXCompilerId.o"

Detecting C compiler ABI info compiled with the following output:
Change Dir: /Users/lichunyu/CLionProjects/SimuLib/.idea/CMakeFiles/CMakeTmp

Run Build Command(s):/Applications/CLion.app/Contents/bin/ninja/mac/ninja cmTC_6a8c0 && [1/2] Building C object CMakeFiles/cmTC_6a8c0.dir/CMakeCCompilerABI.c.o
Using built-in specs.
COLLECT_GCC=/usr/local/bin/gcc-11
Target: x86_64-apple-darwin21
Configured with: ../configure --prefix=/usr/local/opt/gcc --libdir=/usr/local/opt/gcc/lib/gcc/11 --disable-nls --enable-checking=release --with-gcc-major-version-only --enable-languages=c,c++,objc,obj-c++,fortran,d --program-suffix=-11 --with-gmp=/usr/local/opt/gmp --with-mpfr=/usr/local/opt/mpfr --with-mpc=/usr/local/opt/libmpc --with-isl=/usr/local/opt/isl --with-zstd=/usr/local/opt/zstd --with-pkgversion='Homebrew GCC 11.2.0_3' --with-bugurl=https://github.com/Homebrew/homebrew-core/issues --enable-libphobos --build=x86_64-apple-darwin21 --with-system-zlib --disable-multilib --with-native-system-header-dir=/usr/include --with-sysroot=/Library/Developer/CommandLineTools/SDKs/MacOSX12.sdk
Thread model: posix
Supported LTO compression algorithms: zlib zstd
gcc version 11.2.0 (Homebrew GCC 11.2.0_3) 
COLLECT_GCC_OPTIONS='-isysroot' '/Library/Developer/CommandLineTools/SDKs/MacOSX11.0.sdk' '-v' '-o' 'CMakeFiles/cmTC_6a8c0.dir/CMakeCCompilerABI.c.o' '-c' '-mmacosx-version-min=12.2.0' '-asm_macosx_version_min=12.2' '-mtune=core2' '-dumpdir' 'CMakeFiles/cmTC_6a8c0.dir/'
 /usr/local/Cellar/gcc/11.2.0_3/bin/../libexec/gcc/x86_64-apple-darwin21/11/cc1 -quiet -v -iprefix /usr/local/Cellar/gcc/11.2.0_3/bin/../lib/gcc/11/gcc/x86_64-apple-darwin21/11/ -D__DYNAMIC__ -isysroot /Library/Developer/CommandLineTools/SDKs/MacOSX11.0.sdk /Applications/CLion.app/Contents/bin/cmake/mac/share/cmake-3.21/Modules/CMakeCCompilerABI.c -fPIC -quiet -dumpdir CMakeFiles/cmTC_6a8c0.dir/ -dumpbase CMakeCCompilerABI.c.c -dumpbase-ext .c -mmacosx-version-min=12.2.0 -mtune=core2 -version -o /var/folders/rk/y7qrktd54tjdlrpxmwwnst5h0000gn/T//cctPJVUc.s
GNU C17 (Homebrew GCC 11.2.0_3) version 11.2.0 (x86_64-apple-darwin21)
	compiled by GNU C version 11.2.0, GMP version 6.2.1, MPFR version 4.1.0, MPC version 1.2.1, isl version isl-0.24-GMP

GGC heuristics: --param ggc-min-expand=100 --param ggc-min-heapsize=131072
ignoring nonexistent directory "/usr/local/Cellar/gcc/11.2.0_3/bin/../lib/gcc/11/gcc/x86_64-apple-darwin21/11/../../../../../../x86_64-apple-darwin21/include"
ignoring duplicate directory "/usr/local/Cellar/gcc/11.2.0_3/bin/../lib/gcc/11/gcc/../../../../lib/gcc/11/gcc/x86_64-apple-darwin21/11/include"
ignoring nonexistent directory "/Library/Developer/CommandLineTools/SDKs/MacOSX11.0.sdk/usr/local/include"
ignoring duplicate directory "/usr/local/Cellar/gcc/11.2.0_3/bin/../lib/gcc/11/gcc/../../../../lib/gcc/11/gcc/x86_64-apple-darwin21/11/include-fixed"
ignoring nonexistent directory "/usr/local/Cellar/gcc/11.2.0_3/bin/../lib/gcc/11/gcc/../../../../lib/gcc/11/gcc/x86_64-apple-darwin21/11/../../../../../../x86_64-apple-darwin21/include"
ignoring nonexistent directory "/Library/Developer/CommandLineTools/SDKs/MacOSX11.0.sdk/Library/Frameworks"
#include "..." search starts here:
#include <...> search starts here:
 /usr/local/Cellar/gcc/11.2.0_3/bin/../lib/gcc/11/gcc/x86_64-apple-darwin21/11/include
 /usr/local/Cellar/gcc/11.2.0_3/bin/../lib/gcc/11/gcc/x86_64-apple-darwin21/11/include-fixed
 /Library/Developer/CommandLineTools/SDKs/MacOSX11.0.sdk/usr/include
 /Library/Developer/CommandLineTools/SDKs/MacOSX11.0.sdk/System/Library/Frameworks
End of search list.
GNU C17 (Homebrew GCC 11.2.0_3) version 11.2.0 (x86_64-apple-darwin21)
	compiled by GNU C version 11.2.0, GMP version 6.2.1, MPFR version 4.1.0, MPC version 1.2.1, isl version isl-0.24-GMP

GGC heuristics: --param ggc-min-expand=100 --param ggc-min-heapsize=131072
Compiler executable checksum: c7285150b1cadc59d0ed6b9b2f931d36
COLLECT_GCC_OPTIONS='-isysroot' '/Library/Developer/CommandLineTools/SDKs/MacOSX11.0.sdk' '-v' '-o' 'CMakeFiles/cmTC_6a8c0.dir/CMakeCCompilerABI.c.o' '-c' '-mmacosx-version-min=12.2.0'  '-mtune=core2' '-dumpdir' 'CMakeFiles/cmTC_6a8c0.dir/'
 as -arch x86_64 -v -force_cpusubtype_ALL -mmacosx-version-min=12.2 -o CMakeFiles/cmTC_6a8c0.dir/CMakeCCompilerABI.c.o /var/folders/rk/y7qrktd54tjdlrpxmwwnst5h0000gn/T//cctPJVUc.s
Apple clang version 12.0.0 (clang-1200.0.26.2)
Target: x86_64-apple-darwin21.3.0
Thread model: posix
InstalledDir: /Library/Developer/CommandLineTools/usr/bin
 "/Library/Developer/CommandLineTools/usr/bin/clang" -cc1as -triple x86_64-apple-macosx12.2.0 -filetype obj -main-file-name cctPJVUc.s -target-cpu penryn -fdebug-compilation-dir /Users/lichunyu/CLionProjects/SimuLib/.idea/CMakeFiles/CMakeTmp -dwarf-debug-producer "Apple clang version 12.0.0 (clang-1200.0.26.2)" -dwarf-version=4 -mrelocation-model pic -o CMakeFiles/cmTC_6a8c0.dir/CMakeCCompilerABI.c.o /var/folders/rk/y7qrktd54tjdlrpxmwwnst5h0000gn/T//cctPJVUc.s
COMPILER_PATH=/usr/local/Cellar/gcc/11.2.0_3/bin/../libexec/gcc/x86_64-apple-darwin21/11/:/usr/local/Cellar/gcc/11.2.0_3/bin/../libexec/gcc/
LIBRARY_PATH=/usr/local/Cellar/gcc/11.2.0_3/bin/../lib/gcc/11/gcc/x86_64-apple-darwin21/11/:/usr/local/Cellar/gcc/11.2.0_3/bin/../lib/gcc/11/gcc/:/usr/local/Cellar/gcc/11.2.0_3/bin/../lib/gcc/11/gcc/x86_64-apple-darwin21/11/../../../
COLLECT_GCC_OPTIONS='-isysroot' '/Library/Developer/CommandLineTools/SDKs/MacOSX11.0.sdk' '-v' '-o' 'CMakeFiles/cmTC_6a8c0.dir/CMakeCCompilerABI.c.o' '-c' '-mmacosx-version-min=12.2.0'  '-mtune=core2' '-dumpdir' 'CMakeFiles/cmTC_6a8c0.dir/CMakeCCompilerABI.c.'
[2/2] Linking C executable cmTC_6a8c0
Using built-in specs.
COLLECT_GCC=/usr/local/bin/gcc-11
COLLECT_LTO_WRAPPER=/usr/local/Cellar/gcc/11.2.0_3/bin/../libexec/gcc/x86_64-apple-darwin21/11/lto-wrapper
Target: x86_64-apple-darwin21
Configured with: ../configure --prefix=/usr/local/opt/gcc --libdir=/usr/local/opt/gcc/lib/gcc/11 --disable-nls --enable-checking=release --with-gcc-major-version-only --enable-languages=c,c++,objc,obj-c++,fortran,d --program-suffix=-11 --with-gmp=/usr/local/opt/gmp --with-mpfr=/usr/local/opt/mpfr --with-mpc=/usr/local/opt/libmpc --with-isl=/usr/local/opt/isl --with-zstd=/usr/local/opt/zstd --with-pkgversion='Homebrew GCC 11.2.0_3' --with-bugurl=https://github.com/Homebrew/homebrew-core/issues --enable-libphobos --build=x86_64-apple-darwin21 --with-system-zlib --disable-multilib --with-native-system-header-dir=/usr/include --with-sysroot=/Library/Developer/CommandLineTools/SDKs/MacOSX12.sdk
Thread model: posix
Supported LTO compression algorithms: zlib zstd
gcc version 11.2.0 (Homebrew GCC 11.2.0_3) 
COMPILER_PATH=/usr/local/Cellar/gcc/11.2.0_3/bin/../libexec/gcc/x86_64-apple-darwin21/11/:/usr/local/Cellar/gcc/11.2.0_3/bin/../libexec/gcc/
LIBRARY_PATH=/usr/local/Cellar/gcc/11.2.0_3/bin/../lib/gcc/11/gcc/x86_64-apple-darwin21/11/:/usr/local/Cellar/gcc/11.2.0_3/bin/../lib/gcc/11/gcc/:/usr/local/Cellar/gcc/11.2.0_3/bin/../lib/gcc/11/gcc/x86_64-apple-darwin21/11/../../../
COLLECT_GCC_OPTIONS='-isysroot' '/Library/Developer/CommandLineTools/SDKs/MacOSX11.0.sdk' '-v' '-o' 'cmTC_6a8c0' '-mmacosx-version-min=12.2.0' '-asm_macosx_version_min=12.2' '-mtune=core2' '-dumpdir' 'cmTC_6a8c0.'
 /usr/local/Cellar/gcc/11.2.0_3/bin/../libexec/gcc/x86_64-apple-darwin21/11/collect2 -dynamic -arch x86_64 -macosx_version_min 12.2.0 -syslibroot /Library/Developer/CommandLineTools/SDKs/MacOSX11.0.sdk -weak_reference_mismatches non-weak -o cmTC_6a8c0 -L/usr/local/Cellar/gcc/11.2.0_3/bin/../lib/gcc/11/gcc/x86_64-apple-darwin21/11 -L/usr/local/Cellar/gcc/11.2.0_3/bin/../lib/gcc/11/gcc -L/usr/local/Cellar/gcc/11.2.0_3/bin/../lib/gcc/11/gcc/x86_64-apple-darwin21/11/../../.. -search_paths_first -headerpad_max_install_names -v CMakeFiles/cmTC_6a8c0.dir/CMakeCCompilerABI.c.o -lSystem -lgcc_ext.10.5 -lgcc -lSystem -no_compact_unwind -v
collect2 version 11.2.0
/usr/bin/ld -dynamic -arch x86_64 -macosx_version_min 12.2.0 -syslibroot /Library/Developer/CommandLineTools/SDKs/MacOSX11.0.sdk -weak_reference_mismatches non-weak -o cmTC_6a8c0 -L/usr/local/Cellar/gcc/11.2.0_3/bin/../lib/gcc/11/gcc/x86_64-apple-darwin21/11 -L/usr/local/Cellar/gcc/11.2.0_3/bin/../lib/gcc/11/gcc -L/usr/local/Cellar/gcc/11.2.0_3/bin/../lib/gcc/11/gcc/x86_64-apple-darwin21/11/../../.. -search_paths_first -headerpad_max_install_names -v CMakeFiles/cmTC_6a8c0.dir/CMakeCCompilerABI.c.o -lSystem -lgcc_ext.10.5 -lgcc -lSystem -no_compact_unwind -v
@(#)PROGRAM:ld  PROJECT:ld64-607.2
BUILD 04:30:50 Jul 14 2020
configured to support archs: armv6 armv7 armv7s arm64 arm64e arm64_32 i386 x86_64 x86_64h armv6m armv7k armv7m armv7em
@(#)PROGRAM:ld  PROJECT:ld64-607.2
BUILD 04:30:50 Jul 14 2020
configured to support archs: armv6 armv7 armv7s arm64 arm64e arm64_32 i386 x86_64 x86_64h armv6m armv7k armv7m armv7em
Library search paths:
	/usr/local/Cellar/gcc/11.2.0_3/lib/gcc/11/gcc/x86_64-apple-darwin21/11
	/usr/local/Cellar/gcc/11.2.0_3/lib/gcc/11/gcc
	/usr/local/Cellar/gcc/11.2.0_3/lib/gcc/11
	/Library/Developer/CommandLineTools/SDKs/MacOSX11.0.sdk/usr/lib
Framework search paths:
	/Library/Developer/CommandLineTools/SDKs/MacOSX11.0.sdk/System/Library/Frameworks/



Parsed C implicit include dir info from above output: rv=done
  found start of include info
  found start of implicit include info
    add: [/usr/local/Cellar/gcc/11.2.0_3/bin/../lib/gcc/11/gcc/x86_64-apple-darwin21/11/include]
    add: [/usr/local/Cellar/gcc/11.2.0_3/bin/../lib/gcc/11/gcc/x86_64-apple-darwin21/11/include-fixed]
    add: [/Library/Developer/CommandLineTools/SDKs/MacOSX11.0.sdk/usr/include]
    add: [/Library/Developer/CommandLineTools/SDKs/MacOSX11.0.sdk/System/Library/Frameworks]
  end of search list found
  collapse include dir [/usr/local/Cellar/gcc/11.2.0_3/bin/../lib/gcc/11/gcc/x86_64-apple-darwin21/11/include] ==> [/usr/local/Cellar/gcc/11.2.0_3/lib/gcc/11/gcc/x86_64-apple-darwin21/11/include]
  collapse include dir [/usr/local/Cellar/gcc/11.2.0_3/bin/../lib/gcc/11/gcc/x86_64-apple-darwin21/11/include-fixed] ==> [/usr/local/Cellar/gcc/11.2.0_3/lib/gcc/11/gcc/x86_64-apple-darwin21/11/include-fixed]
  collapse include dir [/Library/Developer/CommandLineTools/SDKs/MacOSX11.0.sdk/usr/include] ==> [/Library/Developer/CommandLineTools/SDKs/MacOSX11.0.sdk/usr/include]
  collapse include dir [/Library/Developer/CommandLineTools/SDKs/MacOSX11.0.sdk/System/Library/Frameworks] ==> [/Library/Developer/CommandLineTools/SDKs/MacOSX11.0.sdk/System/Library/Frameworks]
  implicit include dirs: [/usr/local/Cellar/gcc/11.2.0_3/lib/gcc/11/gcc/x86_64-apple-darwin21/11/include;/usr/local/Cellar/gcc/11.2.0_3/lib/gcc/11/gcc/x86_64-apple-darwin21/11/include-fixed;/Library/Developer/CommandLineTools/SDKs/MacOSX11.0.sdk/usr/include;/Library/Developer/CommandLineTools/SDKs/MacOSX11.0.sdk/System/Library/Frameworks]


Parsed C implicit link information from above output:
  link line regex: [^( *|.*[/\])(ld|CMAKE_LINK_STARTFILE-NOTFOUND|([^/\]+-)?ld|collect2)[^/\]*( |$)]
  ignore line: [Change Dir: /Users/lichunyu/CLionProjects/SimuLib/.idea/CMakeFiles/CMakeTmp]
  ignore line: []
  ignore line: [Run Build Command(s):/Applications/CLion.app/Contents/bin/ninja/mac/ninja cmTC_6a8c0 && [1/2] Building C object CMakeFiles/cmTC_6a8c0.dir/CMakeCCompilerABI.c.o]
  ignore line: [Using built-in specs.]
  ignore line: [COLLECT_GCC=/usr/local/bin/gcc-11]
  ignore line: [Target: x86_64-apple-darwin21]
  ignore line: [Configured with: ../configure --prefix=/usr/local/opt/gcc --libdir=/usr/local/opt/gcc/lib/gcc/11 --disable-nls --enable-checking=release --with-gcc-major-version-only --enable-languages=c c++ objc obj-c++ fortran d --program-suffix=-11 --with-gmp=/usr/local/opt/gmp --with-mpfr=/usr/local/opt/mpfr --with-mpc=/usr/local/opt/libmpc --with-isl=/usr/local/opt/isl --with-zstd=/usr/local/opt/zstd --with-pkgversion='Homebrew GCC 11.2.0_3' --with-bugurl=https://github.com/Homebrew/homebrew-core/issues --enable-libphobos --build=x86_64-apple-darwin21 --with-system-zlib --disable-multilib --with-native-system-header-dir=/usr/include --with-sysroot=/Library/Developer/CommandLineTools/SDKs/MacOSX12.sdk]
  ignore line: [Thread model: posix]
  ignore line: [Supported LTO compression algorithms: zlib zstd]
  ignore line: [gcc version 11.2.0 (Homebrew GCC 11.2.0_3) ]
  ignore line: [COLLECT_GCC_OPTIONS='-isysroot' '/Library/Developer/CommandLineTools/SDKs/MacOSX11.0.sdk' '-v' '-o' 'CMakeFiles/cmTC_6a8c0.dir/CMakeCCompilerABI.c.o' '-c' '-mmacosx-version-min=12.2.0' '-asm_macosx_version_min=12.2' '-mtune=core2' '-dumpdir' 'CMakeFiles/cmTC_6a8c0.dir/']
  ignore line: [ /usr/local/Cellar/gcc/11.2.0_3/bin/../libexec/gcc/x86_64-apple-darwin21/11/cc1 -quiet -v -iprefix /usr/local/Cellar/gcc/11.2.0_3/bin/../lib/gcc/11/gcc/x86_64-apple-darwin21/11/ -D__DYNAMIC__ -isysroot /Library/Developer/CommandLineTools/SDKs/MacOSX11.0.sdk /Applications/CLion.app/Contents/bin/cmake/mac/share/cmake-3.21/Modules/CMakeCCompilerABI.c -fPIC -quiet -dumpdir CMakeFiles/cmTC_6a8c0.dir/ -dumpbase CMakeCCompilerABI.c.c -dumpbase-ext .c -mmacosx-version-min=12.2.0 -mtune=core2 -version -o /var/folders/rk/y7qrktd54tjdlrpxmwwnst5h0000gn/T//cctPJVUc.s]
  ignore line: [GNU C17 (Homebrew GCC 11.2.0_3) version 11.2.0 (x86_64-apple-darwin21)]
  ignore line: [	compiled by GNU C version 11.2.0  GMP version 6.2.1  MPFR version 4.1.0  MPC version 1.2.1  isl version isl-0.24-GMP]
  ignore line: []
  ignore line: [GGC heuristics: --param ggc-min-expand=100 --param ggc-min-heapsize=131072]
  ignore line: [ignoring nonexistent directory "/usr/local/Cellar/gcc/11.2.0_3/bin/../lib/gcc/11/gcc/x86_64-apple-darwin21/11/../../../../../../x86_64-apple-darwin21/include"]
  ignore line: [ignoring duplicate directory "/usr/local/Cellar/gcc/11.2.0_3/bin/../lib/gcc/11/gcc/../../../../lib/gcc/11/gcc/x86_64-apple-darwin21/11/include"]
  ignore line: [ignoring nonexistent directory "/Library/Developer/CommandLineTools/SDKs/MacOSX11.0.sdk/usr/local/include"]
  ignore line: [ignoring duplicate directory "/usr/local/Cellar/gcc/11.2.0_3/bin/../lib/gcc/11/gcc/../../../../lib/gcc/11/gcc/x86_64-apple-darwin21/11/include-fixed"]
  ignore line: [ignoring nonexistent directory "/usr/local/Cellar/gcc/11.2.0_3/bin/../lib/gcc/11/gcc/../../../../lib/gcc/11/gcc/x86_64-apple-darwin21/11/../../../../../../x86_64-apple-darwin21/include"]
  ignore line: [ignoring nonexistent directory "/Library/Developer/CommandLineTools/SDKs/MacOSX11.0.sdk/Library/Frameworks"]
  ignore line: [#include "..." search starts here:]
  ignore line: [#include <...> search starts here:]
  ignore line: [ /usr/local/Cellar/gcc/11.2.0_3/bin/../lib/gcc/11/gcc/x86_64-apple-darwin21/11/include]
  ignore line: [ /usr/local/Cellar/gcc/11.2.0_3/bin/../lib/gcc/11/gcc/x86_64-apple-darwin21/11/include-fixed]
  ignore line: [ /Library/Developer/CommandLineTools/SDKs/MacOSX11.0.sdk/usr/include]
  ignore line: [ /Library/Developer/CommandLineTools/SDKs/MacOSX11.0.sdk/System/Library/Frameworks]
  ignore line: [End of search list.]
  ignore line: [GNU C17 (Homebrew GCC 11.2.0_3) version 11.2.0 (x86_64-apple-darwin21)]
  ignore line: [	compiled by GNU C version 11.2.0  GMP version 6.2.1  MPFR version 4.1.0  MPC version 1.2.1  isl version isl-0.24-GMP]
  ignore line: []
  ignore line: [GGC heuristics: --param ggc-min-expand=100 --param ggc-min-heapsize=131072]
  ignore line: [Compiler executable checksum: c7285150b1cadc59d0ed6b9b2f931d36]
  ignore line: [COLLECT_GCC_OPTIONS='-isysroot' '/Library/Developer/CommandLineTools/SDKs/MacOSX11.0.sdk' '-v' '-o' 'CMakeFiles/cmTC_6a8c0.dir/CMakeCCompilerABI.c.o' '-c' '-mmacosx-version-min=12.2.0'  '-mtune=core2' '-dumpdir' 'CMakeFiles/cmTC_6a8c0.dir/']
  ignore line: [ as -arch x86_64 -v -force_cpusubtype_ALL -mmacosx-version-min=12.2 -o CMakeFiles/cmTC_6a8c0.dir/CMakeCCompilerABI.c.o /var/folders/rk/y7qrktd54tjdlrpxmwwnst5h0000gn/T//cctPJVUc.s]
  ignore line: [Apple clang version 12.0.0 (clang-1200.0.26.2)]
  ignore line: [Target: x86_64-apple-darwin21.3.0]
  ignore line: [Thread model: posix]
  ignore line: [InstalledDir: /Library/Developer/CommandLineTools/usr/bin]
  ignore line: [ "/Library/Developer/CommandLineTools/usr/bin/clang" -cc1as -triple x86_64-apple-macosx12.2.0 -filetype obj -main-file-name cctPJVUc.s -target-cpu penryn -fdebug-compilation-dir /Users/lichunyu/CLionProjects/SimuLib/.idea/CMakeFiles/CMakeTmp -dwarf-debug-producer "Apple clang version 12.0.0 (clang-1200.0.26.2)" -dwarf-version=4 -mrelocation-model pic -o CMakeFiles/cmTC_6a8c0.dir/CMakeCCompilerABI.c.o /var/folders/rk/y7qrktd54tjdlrpxmwwnst5h0000gn/T//cctPJVUc.s]
  ignore line: [COMPILER_PATH=/usr/local/Cellar/gcc/11.2.0_3/bin/../libexec/gcc/x86_64-apple-darwin21/11/:/usr/local/Cellar/gcc/11.2.0_3/bin/../libexec/gcc/]
  ignore line: [LIBRARY_PATH=/usr/local/Cellar/gcc/11.2.0_3/bin/../lib/gcc/11/gcc/x86_64-apple-darwin21/11/:/usr/local/Cellar/gcc/11.2.0_3/bin/../lib/gcc/11/gcc/:/usr/local/Cellar/gcc/11.2.0_3/bin/../lib/gcc/11/gcc/x86_64-apple-darwin21/11/../../../]
  ignore line: [COLLECT_GCC_OPTIONS='-isysroot' '/Library/Developer/CommandLineTools/SDKs/MacOSX11.0.sdk' '-v' '-o' 'CMakeFiles/cmTC_6a8c0.dir/CMakeCCompilerABI.c.o' '-c' '-mmacosx-version-min=12.2.0'  '-mtune=core2' '-dumpdir' 'CMakeFiles/cmTC_6a8c0.dir/CMakeCCompilerABI.c.']
  ignore line: [[2/2] Linking C executable cmTC_6a8c0]
  ignore line: [Using built-in specs.]
  ignore line: [COLLECT_GCC=/usr/local/bin/gcc-11]
  ignore line: [COLLECT_LTO_WRAPPER=/usr/local/Cellar/gcc/11.2.0_3/bin/../libexec/gcc/x86_64-apple-darwin21/11/lto-wrapper]
  ignore line: [Target: x86_64-apple-darwin21]
  ignore line: [Configured with: ../configure --prefix=/usr/local/opt/gcc --libdir=/usr/local/opt/gcc/lib/gcc/11 --disable-nls --enable-checking=release --with-gcc-major-version-only --enable-languages=c c++ objc obj-c++ fortran d --program-suffix=-11 --with-gmp=/usr/local/opt/gmp --with-mpfr=/usr/local/opt/mpfr --with-mpc=/usr/local/opt/libmpc --with-isl=/usr/local/opt/isl --with-zstd=/usr/local/opt/zstd --with-pkgversion='Homebrew GCC 11.2.0_3' --with-bugurl=https://github.com/Homebrew/homebrew-core/issues --enable-libphobos --build=x86_64-apple-darwin21 --with-system-zlib --disable-multilib --with-native-system-header-dir=/usr/include --with-sysroot=/Library/Developer/CommandLineTools/SDKs/MacOSX12.sdk]
  ignore line: [Thread model: posix]
  ignore line: [Supported LTO compression algorithms: zlib zstd]
  ignore line: [gcc version 11.2.0 (Homebrew GCC 11.2.0_3) ]
  ignore line: [COMPILER_PATH=/usr/local/Cellar/gcc/11.2.0_3/bin/../libexec/gcc/x86_64-apple-darwin21/11/:/usr/local/Cellar/gcc/11.2.0_3/bin/../libexec/gcc/]
  ignore line: [LIBRARY_PATH=/usr/local/Cellar/gcc/11.2.0_3/bin/../lib/gcc/11/gcc/x86_64-apple-darwin21/11/:/usr/local/Cellar/gcc/11.2.0_3/bin/../lib/gcc/11/gcc/:/usr/local/Cellar/gcc/11.2.0_3/bin/../lib/gcc/11/gcc/x86_64-apple-darwin21/11/../../../]
  ignore line: [COLLECT_GCC_OPTIONS='-isysroot' '/Library/Developer/CommandLineTools/SDKs/MacOSX11.0.sdk' '-v' '-o' 'cmTC_6a8c0' '-mmacosx-version-min=12.2.0' '-asm_macosx_version_min=12.2' '-mtune=core2' '-dumpdir' 'cmTC_6a8c0.']
  link line: [ /usr/local/Cellar/gcc/11.2.0_3/bin/../libexec/gcc/x86_64-apple-darwin21/11/collect2 -dynamic -arch x86_64 -macosx_version_min 12.2.0 -syslibroot /Library/Developer/CommandLineTools/SDKs/MacOSX11.0.sdk -weak_reference_mismatches non-weak -o cmTC_6a8c0 -L/usr/local/Cellar/gcc/11.2.0_3/bin/../lib/gcc/11/gcc/x86_64-apple-darwin21/11 -L/usr/local/Cellar/gcc/11.2.0_3/bin/../lib/gcc/11/gcc -L/usr/local/Cellar/gcc/11.2.0_3/bin/../lib/gcc/11/gcc/x86_64-apple-darwin21/11/../../.. -search_paths_first -headerpad_max_install_names -v CMakeFiles/cmTC_6a8c0.dir/CMakeCCompilerABI.c.o -lSystem -lgcc_ext.10.5 -lgcc -lSystem -no_compact_unwind -v]
    arg [/usr/local/Cellar/gcc/11.2.0_3/bin/../libexec/gcc/x86_64-apple-darwin21/11/collect2] ==> ignore
    arg [-dynamic] ==> ignore
    arg [-arch] ==> ignore
    arg [x86_64] ==> ignore
    arg [-macosx_version_min] ==> ignore
    arg [12.2.0] ==> ignore
    arg [-syslibroot] ==> ignore
    arg [/Library/Developer/CommandLineTools/SDKs/MacOSX11.0.sdk] ==> ignore
    arg [-weak_reference_mismatches] ==> ignore
    arg [non-weak] ==> ignore
    arg [-o] ==> ignore
    arg [cmTC_6a8c0] ==> ignore
    arg [-L/usr/local/Cellar/gcc/11.2.0_3/bin/../lib/gcc/11/gcc/x86_64-apple-darwin21/11] ==> dir [/usr/local/Cellar/gcc/11.2.0_3/bin/../lib/gcc/11/gcc/x86_64-apple-darwin21/11]
    arg [-L/usr/local/Cellar/gcc/11.2.0_3/bin/../lib/gcc/11/gcc] ==> dir [/usr/local/Cellar/gcc/11.2.0_3/bin/../lib/gcc/11/gcc]
    arg [-L/usr/local/Cellar/gcc/11.2.0_3/bin/../lib/gcc/11/gcc/x86_64-apple-darwin21/11/../../..] ==> dir [/usr/local/Cellar/gcc/11.2.0_3/bin/../lib/gcc/11/gcc/x86_64-apple-darwin21/11/../../..]
    arg [-search_paths_first] ==> ignore
    arg [-headerpad_max_install_names] ==> ignore
    arg [-v] ==> ignore
    arg [CMakeFiles/cmTC_6a8c0.dir/CMakeCCompilerABI.c.o] ==> ignore
    arg [-lSystem] ==> lib [System]
    arg [-lgcc_ext.10.5] ==> lib [gcc_ext.10.5]
    arg [-lgcc] ==> lib [gcc]
    arg [-lSystem] ==> lib [System]
    arg [-no_compact_unwind] ==> ignore
    arg [-v] ==> ignore
  Library search paths: [;/usr/local/Cellar/gcc/11.2.0_3/lib/gcc/11/gcc/x86_64-apple-darwin21/11;/usr/local/Cellar/gcc/11.2.0_3/lib/gcc/11/gcc;/usr/local/Cellar/gcc/11.2.0_3/lib/gcc/11;/Library/Developer/CommandLineTools/SDKs/MacOSX11.0.sdk/usr/lib]
  Framework search paths: [;/Library/Developer/CommandLineTools/SDKs/MacOSX11.0.sdk/System/Library/Frameworks/]
  remove lib [System]
  remove lib [System]
  collapse library dir [/usr/local/Cellar/gcc/11.2.0_3/bin/../lib/gcc/11/gcc/x86_64-apple-darwin21/11] ==> [/usr/local/Cellar/gcc/11.2.0_3/lib/gcc/11/gcc/x86_64-apple-darwin21/11]
  collapse library dir [/usr/local/Cellar/gcc/11.2.0_3/bin/../lib/gcc/11/gcc] ==> [/usr/local/Cellar/gcc/11.2.0_3/lib/gcc/11/gcc]
  collapse library dir [/usr/local/Cellar/gcc/11.2.0_3/bin/../lib/gcc/11/gcc/x86_64-apple-darwin21/11/../../..] ==> [/usr/local/Cellar/gcc/11.2.0_3/lib/gcc/11]
  collapse library dir [/usr/local/Cellar/gcc/11.2.0_3/lib/gcc/11/gcc/x86_64-apple-darwin21/11] ==> [/usr/local/Cellar/gcc/11.2.0_3/lib/gcc/11/gcc/x86_64-apple-darwin21/11]
  collapse library dir [/usr/local/Cellar/gcc/11.2.0_3/lib/gcc/11/gcc] ==> [/usr/local/Cellar/gcc/11.2.0_3/lib/gcc/11/gcc]
  collapse library dir [/usr/local/Cellar/gcc/11.2.0_3/lib/gcc/11] ==> [/usr/local/Cellar/gcc/11.2.0_3/lib/gcc/11]
  collapse library dir [/Library/Developer/CommandLineTools/SDKs/MacOSX11.0.sdk/usr/lib] ==> [/Library/Developer/CommandLineTools/SDKs/MacOSX11.0.sdk/usr/lib]
  collapse framework dir [/Library/Developer/CommandLineTools/SDKs/MacOSX11.0.sdk/System/Library/Frameworks/] ==> [/Library/Developer/CommandLineTools/SDKs/MacOSX11.0.sdk/System/Library/Frameworks]
  implicit libs: [gcc_ext.10.5;gcc]
  implicit objs: []
  implicit dirs: [/usr/local/Cellar/gcc/11.2.0_3/lib/gcc/11/gcc/x86_64-apple-darwin21/11;/usr/local/Cellar/gcc/11.2.0_3/lib/gcc/11/gcc;/usr/local/Cellar/gcc/11.2.0_3/lib/gcc/11;/Library/Developer/CommandLineTools/SDKs/MacOSX11.0.sdk/usr/lib]
  implicit fwks: [/Library/Developer/CommandLineTools/SDKs/MacOSX11.0.sdk/System/Library/Frameworks]


Detecting CXX compiler ABI info compiled with the following output:
Change Dir: /Users/lichunyu/CLionProjects/SimuLib/.idea/CMakeFiles/CMakeTmp

Run Build Command(s):/Applications/CLion.app/Contents/bin/ninja/mac/ninja cmTC_97810 && [1/2] Building CXX object CMakeFiles/cmTC_97810.dir/CMakeCXXCompilerABI.cpp.o
Using built-in specs.
COLLECT_GCC=/usr/local/bin/g++-11
Target: x86_64-apple-darwin21
Configured with: ../configure --prefix=/usr/local/opt/gcc --libdir=/usr/local/opt/gcc/lib/gcc/11 --disable-nls --enable-checking=release --with-gcc-major-version-only --enable-languages=c,c++,objc,obj-c++,fortran,d --program-suffix=-11 --with-gmp=/usr/local/opt/gmp --with-mpfr=/usr/local/opt/mpfr --with-mpc=/usr/local/opt/libmpc --with-isl=/usr/local/opt/isl --with-zstd=/usr/local/opt/zstd --with-pkgversion='Homebrew GCC 11.2.0_3' --with-bugurl=https://github.com/Homebrew/homebrew-core/issues --enable-libphobos --build=x86_64-apple-darwin21 --with-system-zlib --disable-multilib --with-native-system-header-dir=/usr/include --with-sysroot=/Library/Developer/CommandLineTools/SDKs/MacOSX12.sdk
Thread model: posix
Supported LTO compression algorithms: zlib zstd
gcc version 11.2.0 (Homebrew GCC 11.2.0_3) 
COLLECT_GCC_OPTIONS='-isysroot' '/Library/Developer/CommandLineTools/SDKs/MacOSX11.0.sdk' '-v' '-o' 'CMakeFiles/cmTC_97810.dir/CMakeCXXCompilerABI.cpp.o' '-c' '-mmacosx-version-min=12.2.0' '-asm_macosx_version_min=12.2' '-shared-libgcc' '-mtune=core2' '-dumpdir' 'CMakeFiles/cmTC_97810.dir/'
 /usr/local/Cellar/gcc/11.2.0_3/bin/../libexec/gcc/x86_64-apple-darwin21/11/cc1plus -quiet -v -iprefix /usr/local/Cellar/gcc/11.2.0_3/bin/../lib/gcc/11/gcc/x86_64-apple-darwin21/11/ -D__DYNAMIC__ -isysroot /Library/Developer/CommandLineTools/SDKs/MacOSX11.0.sdk /Applications/CLion.app/Contents/bin/cmake/mac/share/cmake-3.21/Modules/CMakeCXXCompilerABI.cpp -fPIC -quiet -dumpdir CMakeFiles/cmTC_97810.dir/ -dumpbase CMakeCXXCompilerABI.cpp.cpp -dumpbase-ext .cpp -mmacosx-version-min=12.2.0 -mtune=core2 -version -o /var/folders/rk/y7qrktd54tjdlrpxmwwnst5h0000gn/T//ccomXEnd.s
GNU C++17 (Homebrew GCC 11.2.0_3) version 11.2.0 (x86_64-apple-darwin21)
	compiled by GNU C version 11.2.0, GMP version 6.2.1, MPFR version 4.1.0, MPC version 1.2.1, isl version isl-0.24-GMP

GGC heuristics: --param ggc-min-expand=100 --param ggc-min-heapsize=131072
ignoring nonexistent directory "/usr/local/Cellar/gcc/11.2.0_3/bin/../lib/gcc/11/gcc/x86_64-apple-darwin21/11/../../../../../../x86_64-apple-darwin21/include"
ignoring duplicate directory "/usr/local/Cellar/gcc/11.2.0_3/bin/../lib/gcc/11/gcc/../../../../lib/gcc/11/gcc/x86_64-apple-darwin21/11/../../../../../../include/c++/11"
ignoring duplicate directory "/usr/local/Cellar/gcc/11.2.0_3/bin/../lib/gcc/11/gcc/../../../../lib/gcc/11/gcc/x86_64-apple-darwin21/11/../../../../../../include/c++/11/x86_64-apple-darwin21"
ignoring duplicate directory "/usr/local/Cellar/gcc/11.2.0_3/bin/../lib/gcc/11/gcc/../../../../lib/gcc/11/gcc/x86_64-apple-darwin21/11/../../../../../../include/c++/11/backward"
ignoring duplicate directory "/usr/local/Cellar/gcc/11.2.0_3/bin/../lib/gcc/11/gcc/../../../../lib/gcc/11/gcc/x86_64-apple-darwin21/11/include"
ignoring nonexistent directory "/Library/Developer/CommandLineTools/SDKs/MacOSX11.0.sdk/usr/local/include"
ignoring duplicate directory "/usr/local/Cellar/gcc/11.2.0_3/bin/../lib/gcc/11/gcc/../../../../lib/gcc/11/gcc/x86_64-apple-darwin21/11/include-fixed"
ignoring nonexistent directory "/usr/local/Cellar/gcc/11.2.0_3/bin/../lib/gcc/11/gcc/../../../../lib/gcc/11/gcc/x86_64-apple-darwin21/11/../../../../../../x86_64-apple-darwin21/include"
ignoring nonexistent directory "/Library/Developer/CommandLineTools/SDKs/MacOSX11.0.sdk/Library/Frameworks"
#include "..." search starts here:
#include <...> search starts here:
 /usr/local/Cellar/gcc/11.2.0_3/bin/../lib/gcc/11/gcc/x86_64-apple-darwin21/11/../../../../../../include/c++/11
 /usr/local/Cellar/gcc/11.2.0_3/bin/../lib/gcc/11/gcc/x86_64-apple-darwin21/11/../../../../../../include/c++/11/x86_64-apple-darwin21
 /usr/local/Cellar/gcc/11.2.0_3/bin/../lib/gcc/11/gcc/x86_64-apple-darwin21/11/../../../../../../include/c++/11/backward
 /usr/local/Cellar/gcc/11.2.0_3/bin/../lib/gcc/11/gcc/x86_64-apple-darwin21/11/include
 /usr/local/Cellar/gcc/11.2.0_3/bin/../lib/gcc/11/gcc/x86_64-apple-darwin21/11/include-fixed
 /Library/Developer/CommandLineTools/SDKs/MacOSX11.0.sdk/usr/include
 /Library/Developer/CommandLineTools/SDKs/MacOSX11.0.sdk/System/Library/Frameworks
End of search list.
GNU C++17 (Homebrew GCC 11.2.0_3) version 11.2.0 (x86_64-apple-darwin21)
	compiled by GNU C version 11.2.0, GMP version 6.2.1, MPFR version 4.1.0, MPC version 1.2.1, isl version isl-0.24-GMP

GGC heuristics: --param ggc-min-expand=100 --param ggc-min-heapsize=131072
Compiler executable checksum: add970a2a66caaabdc438e4671c6f4a5
COLLECT_GCC_OPTIONS='-isysroot' '/Library/Developer/CommandLineTools/SDKs/MacOSX11.0.sdk' '-v' '-o' 'CMakeFiles/cmTC_97810.dir/CMakeCXXCompilerABI.cpp.o' '-c' '-mmacosx-version-min=12.2.0'  '-shared-libgcc' '-mtune=core2' '-dumpdir' 'CMakeFiles/cmTC_97810.dir/'
 as -arch x86_64 -v -force_cpusubtype_ALL -mmacosx-version-min=12.2 -o CMakeFiles/cmTC_97810.dir/CMakeCXXCompilerABI.cpp.o /var/folders/rk/y7qrktd54tjdlrpxmwwnst5h0000gn/T//ccomXEnd.s
Apple clang version 12.0.0 (clang-1200.0.26.2)
Target: x86_64-apple-darwin21.3.0
Thread model: posix
InstalledDir: /Library/Developer/CommandLineTools/usr/bin
 "/Library/Developer/CommandLineTools/usr/bin/clang" -cc1as -triple x86_64-apple-macosx12.2.0 -filetype obj -main-file-name ccomXEnd.s -target-cpu penryn -fdebug-compilation-dir /Users/lichunyu/CLionProjects/SimuLib/.idea/CMakeFiles/CMakeTmp -dwarf-debug-producer "Apple clang version 12.0.0 (clang-1200.0.26.2)" -dwarf-version=4 -mrelocation-model pic -o CMakeFiles/cmTC_97810.dir/CMakeCXXCompilerABI.cpp.o /var/folders/rk/y7qrktd54tjdlrpxmwwnst5h0000gn/T//ccomXEnd.s
COMPILER_PATH=/usr/local/Cellar/gcc/11.2.0_3/bin/../libexec/gcc/x86_64-apple-darwin21/11/:/usr/local/Cellar/gcc/11.2.0_3/bin/../libexec/gcc/
LIBRARY_PATH=/usr/local/Cellar/gcc/11.2.0_3/bin/../lib/gcc/11/gcc/x86_64-apple-darwin21/11/:/usr/local/Cellar/gcc/11.2.0_3/bin/../lib/gcc/11/gcc/:/usr/local/Cellar/gcc/11.2.0_3/bin/../lib/gcc/11/gcc/x86_64-apple-darwin21/11/../../../
COLLECT_GCC_OPTIONS='-isysroot' '/Library/Developer/CommandLineTools/SDKs/MacOSX11.0.sdk' '-v' '-o' 'CMakeFiles/cmTC_97810.dir/CMakeCXXCompilerABI.cpp.o' '-c' '-mmacosx-version-min=12.2.0'  '-shared-libgcc' '-mtune=core2' '-dumpdir' 'CMakeFiles/cmTC_97810.dir/CMakeCXXCompilerABI.cpp.'
[2/2] Linking CXX executable cmTC_97810
Using built-in specs.
COLLECT_GCC=/usr/local/bin/g++-11
COLLECT_LTO_WRAPPER=/usr/local/Cellar/gcc/11.2.0_3/bin/../libexec/gcc/x86_64-apple-darwin21/11/lto-wrapper
Target: x86_64-apple-darwin21
Configured with: ../configure --prefix=/usr/local/opt/gcc --libdir=/usr/local/opt/gcc/lib/gcc/11 --disable-nls --enable-checking=release --with-gcc-major-version-only --enable-languages=c,c++,objc,obj-c++,fortran,d --program-suffix=-11 --with-gmp=/usr/local/opt/gmp --with-mpfr=/usr/local/opt/mpfr --with-mpc=/usr/local/opt/libmpc --with-isl=/usr/local/opt/isl --with-zstd=/usr/local/opt/zstd --with-pkgversion='Homebrew GCC 11.2.0_3' --with-bugurl=https://github.com/Homebrew/homebrew-core/issues --enable-libphobos --build=x86_64-apple-darwin21 --with-system-zlib --disable-multilib --with-native-system-header-dir=/usr/include --with-sysroot=/Library/Developer/CommandLineTools/SDKs/MacOSX12.sdk
Thread model: posix
Supported LTO compression algorithms: zlib zstd
gcc version 11.2.0 (Homebrew GCC 11.2.0_3) 
COMPILER_PATH=/usr/local/Cellar/gcc/11.2.0_3/bin/../libexec/gcc/x86_64-apple-darwin21/11/:/usr/local/Cellar/gcc/11.2.0_3/bin/../libexec/gcc/
LIBRARY_PATH=/usr/local/Cellar/gcc/11.2.0_3/bin/../lib/gcc/11/gcc/x86_64-apple-darwin21/11/:/usr/local/Cellar/gcc/11.2.0_3/bin/../lib/gcc/11/gcc/:/usr/local/Cellar/gcc/11.2.0_3/bin/../lib/gcc/11/gcc/x86_64-apple-darwin21/11/../../../
COLLECT_GCC_OPTIONS='-isysroot' '/Library/Developer/CommandLineTools/SDKs/MacOSX11.0.sdk' '-v' '-o' 'cmTC_97810' '-mmacosx-version-min=12.2.0' '-asm_macosx_version_min=12.2' '-shared-libgcc' '-mtune=core2' '-dumpdir' 'cmTC_97810.'
 /usr/local/Cellar/gcc/11.2.0_3/bin/../libexec/gcc/x86_64-apple-darwin21/11/collect2 -dynamic -arch x86_64 -macosx_version_min 12.2.0 -syslibroot /Library/Developer/CommandLineTools/SDKs/MacOSX11.0.sdk -weak_reference_mismatches non-weak -o cmTC_97810 -L/usr/local/Cellar/gcc/11.2.0_3/bin/../lib/gcc/11/gcc/x86_64-apple-darwin21/11 -L/usr/local/Cellar/gcc/11.2.0_3/bin/../lib/gcc/11/gcc -L/usr/local/Cellar/gcc/11.2.0_3/bin/../lib/gcc/11/gcc/x86_64-apple-darwin21/11/../../.. -search_paths_first -headerpad_max_install_names -v CMakeFiles/cmTC_97810.dir/CMakeCXXCompilerABI.cpp.o -lstdc++ -lSystem -lgcc_ext.10.5 -lgcc -lSystem -no_compact_unwind -v
collect2 version 11.2.0
/usr/bin/ld -dynamic -arch x86_64 -macosx_version_min 12.2.0 -syslibroot /Library/Developer/CommandLineTools/SDKs/MacOSX11.0.sdk -weak_reference_mismatches non-weak -o cmTC_97810 -L/usr/local/Cellar/gcc/11.2.0_3/bin/../lib/gcc/11/gcc/x86_64-apple-darwin21/11 -L/usr/local/Cellar/gcc/11.2.0_3/bin/../lib/gcc/11/gcc -L/usr/local/Cellar/gcc/11.2.0_3/bin/../lib/gcc/11/gcc/x86_64-apple-darwin21/11/../../.. -search_paths_first -headerpad_max_install_names -v CMakeFiles/cmTC_97810.dir/CMakeCXXCompilerABI.cpp.o -lstdc++ -lSystem -lgcc_ext.10.5 -lgcc -lSystem -no_compact_unwind -v
@(#)PROGRAM:ld  PROJECT:ld64-607.2
BUILD 04:30:50 Jul 14 2020
configured to support archs: armv6 armv7 armv7s arm64 arm64e arm64_32 i386 x86_64 x86_64h armv6m armv7k armv7m armv7em
@(#)PROGRAM:ld  PROJECT:ld64-607.2
BUILD 04:30:50 Jul 14 2020
configured to support archs: armv6 armv7 armv7s arm64 arm64e arm64_32 i386 x86_64 x86_64h armv6m armv7k armv7m armv7em
Library search paths:
	/usr/local/Cellar/gcc/11.2.0_3/lib/gcc/11/gcc/x86_64-apple-darwin21/11
	/usr/local/Cellar/gcc/11.2.0_3/lib/gcc/11/gcc
	/usr/local/Cellar/gcc/11.2.0_3/lib/gcc/11
	/Library/Developer/CommandLineTools/SDKs/MacOSX11.0.sdk/usr/lib
Framework search paths:
	/Library/Developer/CommandLineTools/SDKs/MacOSX11.0.sdk/System/Library/Frameworks/



Parsed CXX implicit include dir info from above output: rv=done
  found start of include info
  found start of implicit include info
    add: [/usr/local/Cellar/gcc/11.2.0_3/bin/../lib/gcc/11/gcc/x86_64-apple-darwin21/11/../../../../../../include/c++/11]
    add: [/usr/local/Cellar/gcc/11.2.0_3/bin/../lib/gcc/11/gcc/x86_64-apple-darwin21/11/../../../../../../include/c++/11/x86_64-apple-darwin21]
    add: [/usr/local/Cellar/gcc/11.2.0_3/bin/../lib/gcc/11/gcc/x86_64-apple-darwin21/11/../../../../../../include/c++/11/backward]
    add: [/usr/local/Cellar/gcc/11.2.0_3/bin/../lib/gcc/11/gcc/x86_64-apple-darwin21/11/include]
    add: [/usr/local/Cellar/gcc/11.2.0_3/bin/../lib/gcc/11/gcc/x86_64-apple-darwin21/11/include-fixed]
    add: [/Library/Developer/CommandLineTools/SDKs/MacOSX11.0.sdk/usr/include]
    add: [/Library/Developer/CommandLineTools/SDKs/MacOSX11.0.sdk/System/Library/Frameworks]
  end of search list found
  collapse include dir [/usr/local/Cellar/gcc/11.2.0_3/bin/../lib/gcc/11/gcc/x86_64-apple-darwin21/11/../../../../../../include/c++/11] ==> [/usr/local/Cellar/gcc/11.2.0_3/include/c++/11]
  collapse include dir [/usr/local/Cellar/gcc/11.2.0_3/bin/../lib/gcc/11/gcc/x86_64-apple-darwin21/11/../../../../../../include/c++/11/x86_64-apple-darwin21] ==> [/usr/local/Cellar/gcc/11.2.0_3/include/c++/11/x86_64-apple-darwin21]
  collapse include dir [/usr/local/Cellar/gcc/11.2.0_3/bin/../lib/gcc/11/gcc/x86_64-apple-darwin21/11/../../../../../../include/c++/11/backward] ==> [/usr/local/Cellar/gcc/11.2.0_3/include/c++/11/backward]
  collapse include dir [/usr/local/Cellar/gcc/11.2.0_3/bin/../lib/gcc/11/gcc/x86_64-apple-darwin21/11/include] ==> [/usr/local/Cellar/gcc/11.2.0_3/lib/gcc/11/gcc/x86_64-apple-darwin21/11/include]
  collapse include dir [/usr/local/Cellar/gcc/11.2.0_3/bin/../lib/gcc/11/gcc/x86_64-apple-darwin21/11/include-fixed] ==> [/usr/local/Cellar/gcc/11.2.0_3/lib/gcc/11/gcc/x86_64-apple-darwin21/11/include-fixed]
  collapse include dir [/Library/Developer/CommandLineTools/SDKs/MacOSX11.0.sdk/usr/include] ==> [/Library/Developer/CommandLineTools/SDKs/MacOSX11.0.sdk/usr/include]
  collapse include dir [/Library/Developer/CommandLineTools/SDKs/MacOSX11.0.sdk/System/Library/Frameworks] ==> [/Library/Developer/CommandLineTools/SDKs/MacOSX11.0.sdk/System/Library/Frameworks]
  implicit include dirs: [/usr/local/Cellar/gcc/11.2.0_3/include/c++/11;/usr/local/Cellar/gcc/11.2.0_3/include/c++/11/x86_64-apple-darwin21;/usr/local/Cellar/gcc/11.2.0_3/include/c++/11/backward;/usr/local/Cellar/gcc/11.2.0_3/lib/gcc/11/gcc/x86_64-apple-darwin21/11/include;/usr/local/Cellar/gcc/11.2.0_3/lib/gcc/11/gcc/x86_64-apple-darwin21/11/include-fixed;/Library/Developer/CommandLineTools/SDKs/MacOSX11.0.sdk/usr/include;/Library/Developer/CommandLineTools/SDKs/MacOSX11.0.sdk/System/Library/Frameworks]


Parsed CXX implicit link information from above output:
  link line regex: [^( *|.*[/\])(ld|CMAKE_LINK_STARTFILE-NOTFOUND|([^/\]+-)?ld|collect2)[^/\]*( |$)]
  ignore line: [Change Dir: /Users/lichunyu/CLionProjects/SimuLib/.idea/CMakeFiles/CMakeTmp]
  ignore line: []
  ignore line: [Run Build Command(s):/Applications/CLion.app/Contents/bin/ninja/mac/ninja cmTC_97810 && [1/2] Building CXX object CMakeFiles/cmTC_97810.dir/CMakeCXXCompilerABI.cpp.o]
  ignore line: [Using built-in specs.]
  ignore line: [COLLECT_GCC=/usr/local/bin/g++-11]
  ignore line: [Target: x86_64-apple-darwin21]
  ignore line: [Configured with: ../configure --prefix=/usr/local/opt/gcc --libdir=/usr/local/opt/gcc/lib/gcc/11 --disable-nls --enable-checking=release --with-gcc-major-version-only --enable-languages=c c++ objc obj-c++ fortran d --program-suffix=-11 --with-gmp=/usr/local/opt/gmp --with-mpfr=/usr/local/opt/mpfr --with-mpc=/usr/local/opt/libmpc --with-isl=/usr/local/opt/isl --with-zstd=/usr/local/opt/zstd --with-pkgversion='Homebrew GCC 11.2.0_3' --with-bugurl=https://github.com/Homebrew/homebrew-core/issues --enable-libphobos --build=x86_64-apple-darwin21 --with-system-zlib --disable-multilib --with-native-system-header-dir=/usr/include --with-sysroot=/Library/Developer/CommandLineTools/SDKs/MacOSX12.sdk]
  ignore line: [Thread model: posix]
  ignore line: [Supported LTO compression algorithms: zlib zstd]
  ignore line: [gcc version 11.2.0 (Homebrew GCC 11.2.0_3) ]
  ignore line: [COLLECT_GCC_OPTIONS='-isysroot' '/Library/Developer/CommandLineTools/SDKs/MacOSX11.0.sdk' '-v' '-o' 'CMakeFiles/cmTC_97810.dir/CMakeCXXCompilerABI.cpp.o' '-c' '-mmacosx-version-min=12.2.0' '-asm_macosx_version_min=12.2' '-shared-libgcc' '-mtune=core2' '-dumpdir' 'CMakeFiles/cmTC_97810.dir/']
  ignore line: [ /usr/local/Cellar/gcc/11.2.0_3/bin/../libexec/gcc/x86_64-apple-darwin21/11/cc1plus -quiet -v -iprefix /usr/local/Cellar/gcc/11.2.0_3/bin/../lib/gcc/11/gcc/x86_64-apple-darwin21/11/ -D__DYNAMIC__ -isysroot /Library/Developer/CommandLineTools/SDKs/MacOSX11.0.sdk /Applications/CLion.app/Contents/bin/cmake/mac/share/cmake-3.21/Modules/CMakeCXXCompilerABI.cpp -fPIC -quiet -dumpdir CMakeFiles/cmTC_97810.dir/ -dumpbase CMakeCXXCompilerABI.cpp.cpp -dumpbase-ext .cpp -mmacosx-version-min=12.2.0 -mtune=core2 -version -o /var/folders/rk/y7qrktd54tjdlrpxmwwnst5h0000gn/T//ccomXEnd.s]
  ignore line: [GNU C++17 (Homebrew GCC 11.2.0_3) version 11.2.0 (x86_64-apple-darwin21)]
  ignore line: [	compiled by GNU C version 11.2.0  GMP version 6.2.1  MPFR version 4.1.0  MPC version 1.2.1  isl version isl-0.24-GMP]
  ignore line: []
  ignore line: [GGC heuristics: --param ggc-min-expand=100 --param ggc-min-heapsize=131072]
  ignore line: [ignoring nonexistent directory "/usr/local/Cellar/gcc/11.2.0_3/bin/../lib/gcc/11/gcc/x86_64-apple-darwin21/11/../../../../../../x86_64-apple-darwin21/include"]
  ignore line: [ignoring duplicate directory "/usr/local/Cellar/gcc/11.2.0_3/bin/../lib/gcc/11/gcc/../../../../lib/gcc/11/gcc/x86_64-apple-darwin21/11/../../../../../../include/c++/11"]
  ignore line: [ignoring duplicate directory "/usr/local/Cellar/gcc/11.2.0_3/bin/../lib/gcc/11/gcc/../../../../lib/gcc/11/gcc/x86_64-apple-darwin21/11/../../../../../../include/c++/11/x86_64-apple-darwin21"]
  ignore line: [ignoring duplicate directory "/usr/local/Cellar/gcc/11.2.0_3/bin/../lib/gcc/11/gcc/../../../../lib/gcc/11/gcc/x86_64-apple-darwin21/11/../../../../../../include/c++/11/backward"]
  ignore line: [ignoring duplicate directory "/usr/local/Cellar/gcc/11.2.0_3/bin/../lib/gcc/11/gcc/../../../../lib/gcc/11/gcc/x86_64-apple-darwin21/11/include"]
  ignore line: [ignoring nonexistent directory "/Library/Developer/CommandLineTools/SDKs/MacOSX11.0.sdk/usr/local/include"]
  ignore line: [ignoring duplicate directory "/usr/local/Cellar/gcc/11.2.0_3/bin/../lib/gcc/11/gcc/../../../../lib/gcc/11/gcc/x86_64-apple-darwin21/11/include-fixed"]
  ignore line: [ignoring nonexistent directory "/usr/local/Cellar/gcc/11.2.0_3/bin/../lib/gcc/11/gcc/../../../../lib/gcc/11/gcc/x86_64-apple-darwin21/11/../../../../../../x86_64-apple-darwin21/include"]
  ignore line: [ignoring nonexistent directory "/Library/Developer/CommandLineTools/SDKs/MacOSX11.0.sdk/Library/Frameworks"]
  ignore line: [#include "..." search starts here:]
  ignore line: [#include <...> search starts here:]
  ignore line: [ /usr/local/Cellar/gcc/11.2.0_3/bin/../lib/gcc/11/gcc/x86_64-apple-darwin21/11/../../../../../../include/c++/11]
  ignore line: [ /usr/local/Cellar/gcc/11.2.0_3/bin/../lib/gcc/11/gcc/x86_64-apple-darwin21/11/../../../../../../include/c++/11/x86_64-apple-darwin21]
  ignore line: [ /usr/local/Cellar/gcc/11.2.0_3/bin/../lib/gcc/11/gcc/x86_64-apple-darwin21/11/../../../../../../include/c++/11/backward]
  ignore line: [ /usr/local/Cellar/gcc/11.2.0_3/bin/../lib/gcc/11/gcc/x86_64-apple-darwin21/11/include]
  ignore line: [ /usr/local/Cellar/gcc/11.2.0_3/bin/../lib/gcc/11/gcc/x86_64-apple-darwin21/11/include-fixed]
  ignore line: [ /Library/Developer/CommandLineTools/SDKs/MacOSX11.0.sdk/usr/include]
  ignore line: [ /Library/Developer/CommandLineTools/SDKs/MacOSX11.0.sdk/System/Library/Frameworks]
  ignore line: [End of search list.]
  ignore line: [GNU C++17 (Homebrew GCC 11.2.0_3) version 11.2.0 (x86_64-apple-darwin21)]
  ignore line: [	compiled by GNU C version 11.2.0  GMP version 6.2.1  MPFR version 4.1.0  MPC version 1.2.1  isl version isl-0.24-GMP]
  ignore line: []
  ignore line: [GGC heuristics: --param ggc-min-expand=100 --param ggc-min-heapsize=131072]
  ignore line: [Compiler executable checksum: add970a2a66caaabdc438e4671c6f4a5]
  ignore line: [COLLECT_GCC_OPTIONS='-isysroot' '/Library/Developer/CommandLineTools/SDKs/MacOSX11.0.sdk' '-v' '-o' 'CMakeFiles/cmTC_97810.dir/CMakeCXXCompilerABI.cpp.o' '-c' '-mmacosx-version-min=12.2.0'  '-shared-libgcc' '-mtune=core2' '-dumpdir' 'CMakeFiles/cmTC_97810.dir/']
  ignore line: [ as -arch x86_64 -v -force_cpusubtype_ALL -mmacosx-version-min=12.2 -o CMakeFiles/cmTC_97810.dir/CMakeCXXCompilerABI.cpp.o /var/folders/rk/y7qrktd54tjdlrpxmwwnst5h0000gn/T//ccomXEnd.s]
  ignore line: [Apple clang version 12.0.0 (clang-1200.0.26.2)]
  ignore line: [Target: x86_64-apple-darwin21.3.0]
  ignore line: [Thread model: posix]
  ignore line: [InstalledDir: /Library/Developer/CommandLineTools/usr/bin]
  ignore line: [ "/Library/Developer/CommandLineTools/usr/bin/clang" -cc1as -triple x86_64-apple-macosx12.2.0 -filetype obj -main-file-name ccomXEnd.s -target-cpu penryn -fdebug-compilation-dir /Users/lichunyu/CLionProjects/SimuLib/.idea/CMakeFiles/CMakeTmp -dwarf-debug-producer "Apple clang version 12.0.0 (clang-1200.0.26.2)" -dwarf-version=4 -mrelocation-model pic -o CMakeFiles/cmTC_97810.dir/CMakeCXXCompilerABI.cpp.o /var/folders/rk/y7qrktd54tjdlrpxmwwnst5h0000gn/T//ccomXEnd.s]
  ignore line: [COMPILER_PATH=/usr/local/Cellar/gcc/11.2.0_3/bin/../libexec/gcc/x86_64-apple-darwin21/11/:/usr/local/Cellar/gcc/11.2.0_3/bin/../libexec/gcc/]
  ignore line: [LIBRARY_PATH=/usr/local/Cellar/gcc/11.2.0_3/bin/../lib/gcc/11/gcc/x86_64-apple-darwin21/11/:/usr/local/Cellar/gcc/11.2.0_3/bin/../lib/gcc/11/gcc/:/usr/local/Cellar/gcc/11.2.0_3/bin/../lib/gcc/11/gcc/x86_64-apple-darwin21/11/../../../]
  ignore line: [COLLECT_GCC_OPTIONS='-isysroot' '/Library/Developer/CommandLineTools/SDKs/MacOSX11.0.sdk' '-v' '-o' 'CMakeFiles/cmTC_97810.dir/CMakeCXXCompilerABI.cpp.o' '-c' '-mmacosx-version-min=12.2.0'  '-shared-libgcc' '-mtune=core2' '-dumpdir' 'CMakeFiles/cmTC_97810.dir/CMakeCXXCompilerABI.cpp.']
  ignore line: [[2/2] Linking CXX executable cmTC_97810]
  ignore line: [Using built-in specs.]
  ignore line: [COLLECT_GCC=/usr/local/bin/g++-11]
  ignore line: [COLLECT_LTO_WRAPPER=/usr/local/Cellar/gcc/11.2.0_3/bin/../libexec/gcc/x86_64-apple-darwin21/11/lto-wrapper]
  ignore line: [Target: x86_64-apple-darwin21]
  ignore line: [Configured with: ../configure --prefix=/usr/local/opt/gcc --libdir=/usr/local/opt/gcc/lib/gcc/11 --disable-nls --enable-checking=release --with-gcc-major-version-only --enable-languages=c c++ objc obj-c++ fortran d --program-suffix=-11 --with-gmp=/usr/local/opt/gmp --with-mpfr=/usr/local/opt/mpfr --with-mpc=/usr/local/opt/libmpc --with-isl=/usr/local/opt/isl --with-zstd=/usr/local/opt/zstd --with-pkgversion='Homebrew GCC 11.2.0_3' --with-bugurl=https://github.com/Homebrew/homebrew-core/issues --enable-libphobos --build=x86_64-apple-darwin21 --with-system-zlib --disable-multilib --with-native-system-header-dir=/usr/include --with-sysroot=/Library/Developer/CommandLineTools/SDKs/MacOSX12.sdk]
  ignore line: [Thread model: posix]
  ignore line: [Supported LTO compression algorithms: zlib zstd]
  ignore line: [gcc version 11.2.0 (Homebrew GCC 11.2.0_3) ]
  ignore line: [COMPILER_PATH=/usr/local/Cellar/gcc/11.2.0_3/bin/../libexec/gcc/x86_64-apple-darwin21/11/:/usr/local/Cellar/gcc/11.2.0_3/bin/../libexec/gcc/]
  ignore line: [LIBRARY_PATH=/usr/local/Cellar/gcc/11.2.0_3/bin/../lib/gcc/11/gcc/x86_64-apple-darwin21/11/:/usr/local/Cellar/gcc/11.2.0_3/bin/../lib/gcc/11/gcc/:/usr/local/Cellar/gcc/11.2.0_3/bin/../lib/gcc/11/gcc/x86_64-apple-darwin21/11/../../../]
  ignore line: [COLLECT_GCC_OPTIONS='-isysroot' '/Library/Developer/CommandLineTools/SDKs/MacOSX11.0.sdk' '-v' '-o' 'cmTC_97810' '-mmacosx-version-min=12.2.0' '-asm_macosx_version_min=12.2' '-shared-libgcc' '-mtune=core2' '-dumpdir' 'cmTC_97810.']
  link line: [ /usr/local/Cellar/gcc/11.2.0_3/bin/../libexec/gcc/x86_64-apple-darwin21/11/collect2 -dynamic -arch x86_64 -macosx_version_min 12.2.0 -syslibroot /Library/Developer/CommandLineTools/SDKs/MacOSX11.0.sdk -weak_reference_mismatches non-weak -o cmTC_97810 -L/usr/local/Cellar/gcc/11.2.0_3/bin/../lib/gcc/11/gcc/x86_64-apple-darwin21/11 -L/usr/local/Cellar/gcc/11.2.0_3/bin/../lib/gcc/11/gcc -L/usr/local/Cellar/gcc/11.2.0_3/bin/../lib/gcc/11/gcc/x86_64-apple-darwin21/11/../../.. -search_paths_first -headerpad_max_install_names -v CMakeFiles/cmTC_97810.dir/CMakeCXXCompilerABI.cpp.o -lstdc++ -lSystem -lgcc_ext.10.5 -lgcc -lSystem -no_compact_unwind -v]
    arg [/usr/local/Cellar/gcc/11.2.0_3/bin/../libexec/gcc/x86_64-apple-darwin21/11/collect2] ==> ignore
    arg [-dynamic] ==> ignore
    arg [-arch] ==> ignore
    arg [x86_64] ==> ignore
    arg [-macosx_version_min] ==> ignore
    arg [12.2.0] ==> ignore
    arg [-syslibroot] ==> ignore
    arg [/Library/Developer/CommandLineTools/SDKs/MacOSX11.0.sdk] ==> ignore
    arg [-weak_reference_mismatches] ==> ignore
    arg [non-weak] ==> ignore
    arg [-o] ==> ignore
    arg [cmTC_97810] ==> ignore
    arg [-L/usr/local/Cellar/gcc/11.2.0_3/bin/../lib/gcc/11/gcc/x86_64-apple-darwin21/11] ==> dir [/usr/local/Cellar/gcc/11.2.0_3/bin/../lib/gcc/11/gcc/x86_64-apple-darwin21/11]
    arg [-L/usr/local/Cellar/gcc/11.2.0_3/bin/../lib/gcc/11/gcc] ==> dir [/usr/local/Cellar/gcc/11.2.0_3/bin/../lib/gcc/11/gcc]
    arg [-L/usr/local/Cellar/gcc/11.2.0_3/bin/../lib/gcc/11/gcc/x86_64-apple-darwin21/11/../../..] ==> dir [/usr/local/Cellar/gcc/11.2.0_3/bin/../lib/gcc/11/gcc/x86_64-apple-darwin21/11/../../..]
    arg [-search_paths_first] ==> ignore
    arg [-headerpad_max_install_names] ==> ignore
    arg [-v] ==> ignore
    arg [CMakeFiles/cmTC_97810.dir/CMakeCXXCompilerABI.cpp.o] ==> ignore
    arg [-lstdc++] ==> lib [stdc++]
    arg [-lSystem] ==> lib [System]
    arg [-lgcc_ext.10.5] ==> lib [gcc_ext.10.5]
    arg [-lgcc] ==> lib [gcc]
    arg [-lSystem] ==> lib [System]
    arg [-no_compact_unwind] ==> ignore
    arg [-v] ==> ignore
  Library search paths: [;/usr/local/Cellar/gcc/11.2.0_3/lib/gcc/11/gcc/x86_64-apple-darwin21/11;/usr/local/Cellar/gcc/11.2.0_3/lib/gcc/11/gcc;/usr/local/Cellar/gcc/11.2.0_3/lib/gcc/11;/Library/Developer/CommandLineTools/SDKs/MacOSX11.0.sdk/usr/lib]
  Framework search paths: [;/Library/Developer/CommandLineTools/SDKs/MacOSX11.0.sdk/System/Library/Frameworks/]
  remove lib [System]
  remove lib [System]
  collapse library dir [/usr/local/Cellar/gcc/11.2.0_3/bin/../lib/gcc/11/gcc/x86_64-apple-darwin21/11] ==> [/usr/local/Cellar/gcc/11.2.0_3/lib/gcc/11/gcc/x86_64-apple-darwin21/11]
  collapse library dir [/usr/local/Cellar/gcc/11.2.0_3/bin/../lib/gcc/11/gcc] ==> [/usr/local/Cellar/gcc/11.2.0_3/lib/gcc/11/gcc]
  collapse library dir [/usr/local/Cellar/gcc/11.2.0_3/bin/../lib/gcc/11/gcc/x86_64-apple-darwin21/11/../../..] ==> [/usr/local/Cellar/gcc/11.2.0_3/lib/gcc/11]
  collapse library dir [/usr/local/Cellar/gcc/11.2.0_3/lib/gcc/11/gcc/x86_64-apple-darwin21/11] ==> [/usr/local/Cellar/gcc/11.2.0_3/lib/gcc/11/gcc/x86_64-apple-darwin21/11]
  collapse library dir [/usr/local/Cellar/gcc/11.2.0_3/lib/gcc/11/gcc] ==> [/usr/local/Cellar/gcc/11.2.0_3/lib/gcc/11/gcc]
  collapse library dir [/usr/local/Cellar/gcc/11.2.0_3/lib/gcc/11] ==> [/usr/local/Cellar/gcc/11.2.0_3/lib/gcc/11]
  collapse library dir [/Library/Developer/CommandLineTools/SDKs/MacOSX11.0.sdk/usr/lib] ==> [/Library/Developer/CommandLineTools/SDKs/MacOSX11.0.sdk/usr/lib]
  collapse framework dir [/Library/Developer/CommandLineTools/SDKs/MacOSX11.0.sdk/System/Library/Frameworks/] ==> [/Library/Developer/CommandLineTools/SDKs/MacOSX11.0.sdk/System/Library/Frameworks]
  implicit libs: [stdc++;gcc_ext.10.5;gcc]
  implicit objs: []
  implicit dirs: [/usr/local/Cellar/gcc/11.2.0_3/lib/gcc/11/gcc/x86_64-apple-darwin21/11;/usr/local/Cellar/gcc/11.2.0_3/lib/gcc/11/gcc;/usr/local/Cellar/gcc/11.2.0_3/lib/gcc/11;/Library/Developer/CommandLineTools/SDKs/MacOSX11.0.sdk/usr/lib]
  implicit fwks: [/Library/Developer/CommandLineTools/SDKs/MacOSX11.0.sdk/System/Library/Frameworks]


Determining if the include file pthread.h exists passed with the following output:
Change Dir: /Users/lichunyu/CLionProjects/SimuLib/.idea/CMakeFiles/CMakeTmp

Run Build Command(s):/Applications/CLion.app/Contents/bin/ninja/mac/ninja cmTC_ad300 && [1/2] Building C object CMakeFiles/cmTC_ad300.dir/CheckIncludeFile.c.o
[2/2] Linking C executable cmTC_ad300



Performing C SOURCE FILE Test CMAKE_HAVE_LIBC_PTHREAD succeeded with the following output:
Change Dir: /Users/lichunyu/CLionProjects/SimuLib/.idea/CMakeFiles/CMakeTmp

Run Build Command(s):/Applications/CLion.app/Contents/bin/ninja/mac/ninja cmTC_3ae17 && [1/2] Building C object CMakeFiles/cmTC_3ae17.dir/src.c.o
[2/2] Linking C executable cmTC_3ae17


Source file was:
#include <pthread.h>

static void* test_func(void* data)
{
  return data;
}

int main(void)
{
  pthread_t thread;
  pthread_create(&thread, NULL, test_func, NULL);
  pthread_detach(thread);
  pthread_cancel(thread);
  pthread_join(thread, NULL);
  pthread_atfork(NULL, NULL, NULL);
  pthread_exit(NULL);

  return 0;
}

